Build started 12/2/2012 11:21:44 PM.
     1>Project "C:\Users\jordan.diehl\Documents\GitHub\GameNetworking\DictionaryDefinitionDLLExample\DictionaryDefinitionDLLExample\DictionaryDefinitionDLLExample.vcxproj" on node 2 (build target(s)).
     1>PrepareForBuild:
         Creating directory "C:\Users\jordan.diehl\Documents\GitHub\GameNetworking\DictionaryDefinitionDLLExample\Debug\".
       InitializeBuildStatus:
         Creating "Debug\DictionaryDefinitionDLLExample.unsuccessfulbuild" because "AlwaysCreate" was specified.
       GenerateTargetFrameworkMonikerAttribute:
       Skipping target "GenerateTargetFrameworkMonikerAttribute" because all output files are up-to-date with respect to the input files.
       ClCompile:
         All outputs are up-to-date.
         All outputs are up-to-date.
       Link:
         c:\Program Files (x86)\Microsoft Visual Studio 10.0\VC\bin\link.exe /ERRORREPORT:PROMPT /OUT:"C:\Users\jordan.diehl\Documents\GitHub\GameNetworking\DictionaryDefinitionDLLExample\Debug\DictionaryDefinitionDLLExample.exe" /INCREMENTAL /NOLOGO kernel32.lib user32.lib gdi32.lib winspool.lib comdlg32.lib advapi32.lib shell32.lib ole32.lib oleaut32.lib uuid.lib odbc32.lib odbccp32.lib /MANIFEST /ManifestFile:"Debug\DictionaryDefinitionDLLExample.exe.intermediate.manifest" /MANIFESTUAC:"level='asInvoker' uiAccess='false'" /DEBUG /PDB:"C:\Users\jordan.diehl\Documents\GitHub\GameNetworking\DictionaryDefinitionDLLExample\Debug\DictionaryDefinitionDLLExample.pdb" /ASSEMBLYDEBUG /TLBID:1 /DYNAMICBASE /FIXED:NO /NXCOMPAT /MACHINE:X86 Debug\main.obj
         "Debug\.NETFramework,Version=v4.0.AssemblyAttributes.obj"
         DictionaryDefinitionDLLExample.vcxproj -> C:\Users\jordan.diehl\Documents\GitHub\GameNetworking\DictionaryDefinitionDLLExample\Debug\DictionaryDefinitionDLLExample.exe
       Manifest:
         c:\Program Files (x86)\Microsoft SDKs\Windows\v7.0A\bin\mt.exe /nologo /verbose /outputresource:"C:\Users\jordan.diehl\Documents\GitHub\GameNetworking\DictionaryDefinitionDLLExample\Debug\DictionaryDefinitionDLLExample.exe;#1" /manifest Debug\DictionaryDefinitionDLLExample.exe.intermediate.manifest
       FinalizeBuildStatus:
         Deleting file "Debug\DictionaryDefinitionDLLExample.unsuccessfulbuild".
         Touching "Debug\DictionaryDefinitionDLLExample.lastbuildstate".
     1>Done Building Project "C:\Users\jordan.diehl\Documents\GitHub\GameNetworking\DictionaryDefinitionDLLExample\DictionaryDefinitionDLLExample\DictionaryDefinitionDLLExample.vcxproj" (build target(s)).

Build succeeded.

Time Elapsed 00:00:00.83
